<?xml version="1.0" encoding="UTF-8"?>
<!-- Generated by org.testng.reporters.JUnitReportReporter -->
<testsuite hostname="Garimas-MacBook-Air-3.local" failures="0" tests="1" name="Tests.AddTwoItems" time="27.377" errors="0" timestamp="2023-03-31T12:04:42 IST" skipped="0">
  <testcase classname="Tests.AddTwoItems" name="addItems" time="27.377"/>
  <system-out/>
</testsuite> <!-- Tests.AddTwoItems -->
