<?xml version="1.0" encoding="UTF-8"?>
<!-- Generated by org.testng.reporters.JUnitReportReporter -->
<testsuite hostname="Garimas-MacBook-Air-3.local" failures="0" tests="1" name="Tests.SearchItem" time="8.524" errors="0" timestamp="2023-03-26T18:56:10 ICT" skipped="0">
  <testcase classname="Tests.SearchItem" name="search" time="8.524"/>
  <system-out/>
</testsuite> <!-- Tests.SearchItem -->
