<?xml version="1.0" encoding="UTF-8"?>
<!-- Generated by org.testng.reporters.JUnitReportReporter -->
<testsuite hostname="Garimas-MacBook-Air-3.local" failures="0" tests="1" name="Tests.AddSingleItem" time="25.003" errors="0" timestamp="2023-03-26T11:52:53 ICT" skipped="0">
  <testcase classname="Tests.AddSingleItem" name="addItems" time="25.003"/>
  <system-out/>
</testsuite> <!-- Tests.AddSingleItem -->
