<?xml version="1.0" encoding="UTF-8"?>
<!-- Generated by org.testng.reporters.JUnitReportReporter -->
<testsuite hostname="Garimas-MacBook-Air-3.local" failures="0" tests="1" name="Tests.SearchItem" time="8.465" errors="0" timestamp="2023-03-31T12:04:42 IST" skipped="0">
  <testcase classname="Tests.SearchItem" name="search" time="8.465"/>
  <system-out/>
</testsuite> <!-- Tests.SearchItem -->
