<?xml version="1.0" encoding="UTF-8"?>
<!-- Generated by org.testng.reporters.JUnitReportReporter -->
<testsuite hostname="Garimas-MacBook-Air-3.local" failures="0" tests="1" name="Tests.AddSingleItem" time="24.992" errors="0" timestamp="2023-03-31T12:22:55 IST" skipped="0">
  <testcase classname="Tests.AddSingleItem" name="addItems" time="24.992"/>
  <system-out/>
</testsuite> <!-- Tests.AddSingleItem -->
