<?xml version="1.0" encoding="UTF-8"?>
<!-- Generated by org.testng.reporters.JUnitReportReporter -->
<testsuite hostname="Garimas-MacBook-Air-3.local" failures="0" tests="1" name="Tests.AddTwoItems" time="27.104" errors="0" timestamp="2023-03-26T18:56:10 ICT" skipped="0">
  <testcase classname="Tests.AddTwoItems" name="addItems" time="27.104"/>
  <system-out/>
</testsuite> <!-- Tests.AddTwoItems -->
